#
# There is insufficient memory for the Java Runtime Environment to continue.
# Native memory allocation (mmap) failed to map 257949696 bytes. Error detail: G1 virtual space
# Possible reasons:
#   The system is out of physical RAM or swap space
#   This process is running with CompressedOops enabled, and the Java Heap may be blocking the growth of the native heap
# Possible solutions:
#   Reduce memory load on the system
#   Increase physical memory or swap space
#   Check if swap backing store is full
#   Decrease Java heap size (-Xmx/-Xms)
#   Decrease number of Java threads
#   Decrease Java thread stack sizes (-Xss)
#   Set larger code cache with -XX:ReservedCodeCacheSize=
#   JVM is running with Zero Based Compressed Oops mode in which the Java heap is
#     placed in the first 32GB address space. The Java Heap base address is the
#     maximum limit for the native heap growth. Please use -XX:HeapBaseMinAddress
#     to set the Java Heap base and to place the Java Heap above 32GB virtual address.
# This output file may be truncated or incomplete.
#
#  Out of Memory Error (os_windows.cpp:3815), pid=13760, tid=8868
#
# JRE version:  (21.0.3) (build )
# Java VM: OpenJDK 64-Bit Server VM (21.0.3+-12282718-b509.11, mixed mode, sharing, tiered, compressed oops, compressed class ptrs, g1 gc, windows-amd64)
# No core dump will be written. Minidumps are not enabled by default on client versions of Windows
#

---------------  S U M M A R Y ------------

Command Line: git4idea.http.GitAskPassApp Username for 'https://github.com': 

Host: AMD Ryzen 5 PRO 4650G with Radeon Graphics, 12 cores, 15G,  Windows 10 , 64 bit Build 19041 (10.0.19041.5072)
Time: Thu Nov 14 22:09:27 2024 Hora oficial do Brasil elapsed time: 0.006250 seconds (0d 0h 0m 0s)

---------------  T H R E A D  ---------------

Current thread (0x000001e0b44cedb0):  JavaThread "Unknown thread" [_thread_in_vm, id=8868, stack(0x0000001e96a00000,0x0000001e96b00000) (1024K)]

Stack: [0x0000001e96a00000,0x0000001e96b00000]
Native frames: (J=compiled Java code, j=interpreted, Vv=VM code, C=native code)
V  [jvm.dll+0x6cafb9]
V  [jvm.dll+0x858523]
V  [jvm.dll+0x85aa7e]
V  [jvm.dll+0x85b163]
V  [jvm.dll+0x27d356]
V  [jvm.dll+0x6c7865]
V  [jvm.dll+0x6bbd3a]
V  [jvm.dll+0x35199b]
V  [jvm.dll+0x3595d6]
V  [jvm.dll+0x3aa826]
V  [jvm.dll+0x3aaaf8]
V  [jvm.dll+0x3240bc]
V  [jvm.dll+0x324dab]
V  [jvm.dll+0x81fd89]
V  [jvm.dll+0x3b7c08]
V  [jvm.dll+0x80921d]
V  [jvm.dll+0x44c05e]
V  [jvm.dll+0x44d6b1]
C  [jli.dll+0x52ab]
C  [ucrtbase.dll+0x21bb2]
C  [KERNEL32.DLL+0x17374]
C  [ntdll.dll+0x4cc91]


---------------  P R O C E S S  ---------------

Threads class SMR info:
_java_thread_list=0x00007ffbfbc357c8, length=0, elements={
}

Java Threads: ( => current thread )
Total: 0

Other Threads:
  0x000001e0b676e3e0 WorkerThread "GC Thread#0"                     [id=15204, stack(0x0000001e96b00000,0x0000001e96c00000) (1024K)]
  0x000001e0b677fb40 ConcurrentGCThread "G1 Main Marker"            [id=6728, stack(0x0000001e96c00000,0x0000001e96d00000) (1024K)]
  0x000001e0b6780640 WorkerThread "G1 Conc#0"                       [id=14140, stack(0x0000001e96d00000,0x0000001e96e00000) (1024K)]

[error occurred during error reporting (printing all threads), id 0xc0000005, EXCEPTION_ACCESS_VIOLATION (0xc0000005) at pc=0x00007ffbfb437197]
VM state: not at safepoint (not fully initialized)

VM Mutex/Monitor currently owned by a thread:  ([mutex/lock_event])
[0x00007ffbfbca21c8] Heap_lock - owner thread: 0x000001e0b44cedb0

Heap address: 0x000000070a000000, size: 3936 MB, Compressed Oops mode: Zero based, Oop shift amount: 3

CDS archive(s) mapped at: [0x0000000000000000-0x0000000000000000-0x0000000000000000), size 0, SharedBaseAddress: 0x0000000800000000, ArchiveRelocationMode: 1.
Narrow klass base: 0x0000000000000000, Narrow klass shift: 0, Narrow klass range: 0x0

GC Precious Log:
 CardTable entry size: 512
 Card Set container configuration: InlinePtr #cards 4 size 8 Array Of Cards #cards 16 size 48 Howl #buckets 8 coarsen threshold 3686 Howl Bitmap #cards 512 size 80 coarsen threshold 460 Card regions per heap region 1 cards per card region 4096

Heap:
 garbage-first heap   total 0K, used 0K [0x000000070a000000, 0x0000000800000000)
  region size 2048K, 0 young (0K), 0 survivors (0K)
 Metaspace       used 0K, committed 0K, reserved 0K
  class space    used 0K, committed 0K, reserved 0K

Heap Regions: E=young(eden), S=young(survivor), O=old, HS=humongous(starts), HC=humongous(continues), CS=collection set, F=free, TAMS=top-at-mark-start, PB=parsable bottom

Card table byte_map: [0x000001e0c9560000,0x000001e0c9d10000] _byte_map_base: 0x000001e0c5d10000

Marking Bits: (CMBitMap*) 0x000001e0b676eae0
 Bits: [0x000001e0c9d10000, 0x000001e0cda90000)

GC Heap History (0 events):
No events

Dll operation events (1 events):
Event: 0.004 Loaded shared library C:\Program Files\Android\Android Studio\jbr\bin\java.dll

Deoptimization events (0 events):
No events

Classes loaded (0 events):
No events

Classes unloaded (0 events):
No events

Classes redefined (0 events):
No events

Internal exceptions (0 events):
No events

ZGC Phase Switch (0 events):
No events

VM Operations (0 events):
No events

Events (0 events):
No events


Dynamic libraries:
0x00007ff6b7830000 - 0x00007ff6b783a000 	C:\Program Files\Android\Android Studio\jbr\bin\java.exe
0x00007ffc43fb0000 - 0x00007ffc441a8000 	C:\Windows\SYSTEM32\ntdll.dll
0x00007ffc42ae0000 - 0x00007ffc42ba2000 	C:\Windows\System32\KERNEL32.DLL
0x00007ffc41860000 - 0x00007ffc41b5e000 	C:\Windows\System32\KERNELBASE.dll
0x00007ffc41cc0000 - 0x00007ffc41dc0000 	C:\Windows\System32\ucrtbase.dll
0x00007ffc2ad40000 - 0x00007ffc2ad5b000 	C:\Program Files\Android\Android Studio\jbr\bin\VCRUNTIME140.dll
0x00007ffc39260000 - 0x00007ffc39278000 	C:\Program Files\Android\Android Studio\jbr\bin\jli.dll
0x00007ffc43820000 - 0x00007ffc439bd000 	C:\Windows\System32\USER32.dll
0x00007ffc2a800000 - 0x00007ffc2aa9a000 	C:\Windows\WinSxS\amd64_microsoft.windows.common-controls_6595b64144ccf1df_6.0.19041.4355_none_60b8b9eb71f62e16\COMCTL32.dll
0x00007ffc41c00000 - 0x00007ffc41c22000 	C:\Windows\System32\win32u.dll
0x00007ffc425c0000 - 0x00007ffc4265e000 	C:\Windows\System32\msvcrt.dll
0x00007ffc42bb0000 - 0x00007ffc42bdb000 	C:\Windows\System32\GDI32.dll
0x00007ffc41eb0000 - 0x00007ffc41fc7000 	C:\Windows\System32\gdi32full.dll
0x00007ffc41b60000 - 0x00007ffc41bfd000 	C:\Windows\System32\msvcp_win.dll
0x00007ffc42be0000 - 0x00007ffc42c0f000 	C:\Windows\System32\IMM32.DLL
0x00007ffc30670000 - 0x00007ffc3067c000 	C:\Program Files\Android\Android Studio\jbr\bin\vcruntime140_1.dll
0x00007ffc37680000 - 0x00007ffc3770d000 	C:\Program Files\Android\Android Studio\jbr\bin\msvcp140.dll
0x00007ffbfb100000 - 0x00007ffbfbd7d000 	C:\Program Files\Android\Android Studio\jbr\bin\server\jvm.dll
0x00007ffc42850000 - 0x00007ffc42901000 	C:\Windows\System32\ADVAPI32.dll
0x00007ffc42910000 - 0x00007ffc429af000 	C:\Windows\System32\sechost.dll
0x00007ffc42670000 - 0x00007ffc42793000 	C:\Windows\System32\RPCRT4.dll
0x00007ffc41e30000 - 0x00007ffc41e57000 	C:\Windows\System32\bcrypt.dll
0x00007ffc434b0000 - 0x00007ffc4351b000 	C:\Windows\System32\WS2_32.dll
0x00007ffc414b0000 - 0x00007ffc414fb000 	C:\Windows\SYSTEM32\POWRPROF.dll
0x00007ffc395c0000 - 0x00007ffc395e7000 	C:\Windows\SYSTEM32\WINMM.dll
0x00007ffc399a0000 - 0x00007ffc399aa000 	C:\Windows\SYSTEM32\VERSION.dll
0x00007ffc41490000 - 0x00007ffc414a2000 	C:\Windows\SYSTEM32\UMPDC.dll
0x00007ffc3f4f0000 - 0x00007ffc3f502000 	C:\Windows\SYSTEM32\kernel.appcore.dll
0x00007ffc2bb80000 - 0x00007ffc2bb8a000 	C:\Program Files\Android\Android Studio\jbr\bin\jimage.dll
0x00007ffc334d0000 - 0x00007ffc336b4000 	C:\Windows\SYSTEM32\DBGHELP.DLL
0x00007ffc32d20000 - 0x00007ffc32d54000 	C:\Windows\SYSTEM32\dbgcore.DLL
0x00007ffc41c30000 - 0x00007ffc41cb2000 	C:\Windows\System32\bcryptPrimitives.dll
0x00007ffc2aba0000 - 0x00007ffc2abbf000 	C:\Program Files\Android\Android Studio\jbr\bin\java.dll

dbghelp: loaded successfully - version: 4.0.5 - missing functions: none
symbol engine: initialized successfully - sym options: 0x614 - pdb path: .;C:\Program Files\Android\Android Studio\jbr\bin;C:\Windows\SYSTEM32;C:\Windows\WinSxS\amd64_microsoft.windows.common-controls_6595b64144ccf1df_6.0.19041.4355_none_60b8b9eb71f62e16;C:\Program Files\Android\Android Studio\jbr\bin\server

VM Arguments:
java_command: git4idea.http.GitAskPassApp Username for 'https://github.com': 
java_class_path (initial): C:/Program Files/Android/Android Studio/plugins/vcs-git/lib/git4idea-rt.jar;C:/Program Files/Android/Android Studio/lib/externalProcess-rt.jar
Launcher Type: SUN_STANDARD

[Global flags]
     intx CICompilerCount                          = 4                                         {product} {ergonomic}
     uint ConcGCThreads                            = 3                                         {product} {ergonomic}
     uint G1ConcRefinementThreads                  = 10                                        {product} {ergonomic}
   size_t G1HeapRegionSize                         = 2097152                                   {product} {ergonomic}
    uintx GCDrainStackTargetSize                   = 64                                        {product} {ergonomic}
   size_t InitialHeapSize                          = 257949696                                 {product} {ergonomic}
   size_t MarkStackSize                            = 4194304                                   {product} {ergonomic}
   size_t MaxHeapSize                              = 4127195136                                {product} {ergonomic}
   size_t MinHeapDeltaBytes                        = 2097152                                   {product} {ergonomic}
   size_t MinHeapSize                              = 8388608                                   {product} {ergonomic}
    uintx NonNMethodCodeHeapSize                   = 5839372                                {pd product} {ergonomic}
    uintx NonProfiledCodeHeapSize                  = 122909434                              {pd product} {ergonomic}
    uintx ProfiledCodeHeapSize                     = 122909434                              {pd product} {ergonomic}
    uintx ReservedCodeCacheSize                    = 251658240                              {pd product} {ergonomic}
     bool SegmentedCodeCache                       = true                                      {product} {ergonomic}
   size_t SoftMaxHeapSize                          = 4127195136                             {manageable} {ergonomic}
     bool UseCompressedOops                        = true                           {product lp64_product} {ergonomic}
     bool UseG1GC                                  = true                                      {product} {ergonomic}
     bool UseLargePagesIndividualAllocation        = false                                  {pd product} {ergonomic}

Logging:
Log output configuration:
 #0: stdout all=warning uptime,level,tags foldmultilines=false
 #1: stderr all=off uptime,level,tags foldmultilines=false

Environment Variables:
PATH=C:\Program Files\Git\mingw64\libexec\git-core;C:\Program Files\Git\mingw64\libexec\git-core;C:\Program Files\Git\mingw64\bin;C:\Program Files\Git\usr\bin;C:\Users\Laboratorio-Info\bin;C:\Program Files\Common Files\Oracle\Java\javapath;C:\Windows\system32;C:\Windows;C:\Windows\System32\Wbem;C:\Windows\System32\WindowsPowerShell\v1.0;C:\Windows\System32\OpenSSH;C:\Program Files\Git\cmd;C:\Program Files\nodejs;C:\Program Files\Java\jdk-17\bin;C:\xampp\mysql\bin;C:\Program Files\MongoDB\mongosh-2.3.2-win32-x64\bin;C:\Program Files\MongoDB\Server\8.0\bin;C:\xampp\php;C:\composer;C:\flutter\bin;C:\Users\Laboratorio-Info\AppData\Local\Android\Sdk;C:\Users\Laboratorio-Info\AppData\Local\Android\Sdk\platform-tools;C:\Users\Laboratorio-Info\AppData\Local\Programs\Python\Python313\Scripts;C:\Users\Laboratorio-Info\AppData\Local\Programs\Python\Python313;C:\Users\Laboratorio-Info\AppData\Local\Microsoft\WindowsApps;C:\Users\Laboratorio-Info\AppData\Roaming\npm;C:\Users\Laboratorio-Info\AppData\Local\Programs\Microsoft VS Code\bin;C:\Users\Laboratorio-Info\AppData\Roaming\Composer\vendor\bin;C:\Program Files\JetBrains\IntelliJ IDEA 2024.2.4\bin
USERNAME=Laboratorio-Info
DISPLAY=:0.0
LC_ALL=en_US.UTF-8
TERM=xterm-256color
TMPDIR=C:\Users\LABORA~1\AppData\Local\Temp
OS=Windows_NT
PROCESSOR_IDENTIFIER=AMD64 Family 23 Model 96 Stepping 1, AuthenticAMD
TMP=C:\Users\LABORA~1\AppData\Local\Temp
TEMP=C:\Users\LABORA~1\AppData\Local\Temp




Periodic native trim disabled

JNI global refs:
JNI global refs: 0, weak refs: 0

JNI global refs memory usage: 0, weak refs: 0

Process memory usage:
Resident Set Size: 10872K (0% of 16118280K total physical memory with 1569816K free physical memory)

OOME stack traces (most recent first):
Classloader memory used:

---------------  S Y S T E M  ---------------

OS:
 Windows 10 , 64 bit Build 19041 (10.0.19041.5072)
OS uptime: 0 days 3:11 hours

CPU: total 12 (initial active 12) (12 cores per cpu, 2 threads per core) family 23 model 96 stepping 1 microcode 0x0, cx8, cmov, fxsr, ht, mmx, 3dnowpref, sse, sse2, sse3, ssse3, sse4a, sse4.1, sse4.2, popcnt, lzcnt, tsc, tscinvbit, avx, avx2, aes, clmul, bmi1, bmi2, adx, sha, fma, vzeroupper, clflush, clflushopt, rdtscp, rdpid, f16c
Processor Information for all 12 processors :
  Max Mhz: 3701, Current Mhz: 3701, Mhz Limit: 3701

Memory: 4k page, system-wide physical 15740M (1533M free)
TotalPageFile size 19831M (AvailPageFile size 155M)
current process WorkingSet (physical memory assigned to process): 10M, peak: 10M
current process commit charge ("private bytes"): 64M, peak: 310M

vm_info: OpenJDK 64-Bit Server VM (21.0.3+-12282718-b509.11) for windows-amd64 JRE (21.0.3+-12282718-b509.11), built on 2024-08-27T17:34:15Z by "builder" with MS VC++ 16.10 / 16.11 (VS2019)

END.
